obj\Debug\netstandard2.1\BlazingPizza.Client.dll
C:\Users\thoma\.nuget\packages\microsoft.aspnetcore.blazor.httpclient\3.2.0-preview2.20160.5\lib\netstandard2.0\Microsoft.AspNetCore.Blazor.HttpClient.dll
C:\Users\thoma\.nuget\packages\system.text.json\4.7.1\lib\netstandard2.0\System.Text.Json.dll
C:\Users\thoma\.nuget\packages\microsoft.aspnetcore.components.webassembly.runtime\3.2.0-preview2.20159.2\build\netstandard1.0\..\..\tools\dotnetwasm\bcl\System.Runtime.CompilerServices.Unsafe.dll
C:\Users\thoma\.nuget\packages\microsoft.aspnetcore.components.webassembly.runtime\3.2.0-preview2.20159.2\build\netstandard1.0\..\..\tools\dotnetwasm\bcl\mscorlib.dll
C:\Users\thoma\.nuget\packages\microsoft.aspnetcore.components.webassembly.runtime\3.2.0-preview2.20159.2\build\netstandard1.0\..\..\tools\dotnetwasm\bcl\Facades\System.Buffers.dll
C:\Users\thoma\.nuget\packages\microsoft.bcl.asyncinterfaces\1.1.0\lib\netstandard2.1\Microsoft.Bcl.AsyncInterfaces.dll
C:\Users\thoma\.nuget\packages\microsoft.aspnetcore.components.webassembly.runtime\3.2.0-preview2.20159.2\build\netstandard1.0\..\..\tools\dotnetwasm\bcl\Facades\netstandard.dll
C:\Users\thoma\.nuget\packages\microsoft.aspnetcore.components.webassembly.runtime\3.2.0-preview2.20159.2\build\netstandard1.0\..\..\tools\dotnetwasm\bcl\System.Xml.Linq.dll
C:\Users\thoma\.nuget\packages\microsoft.aspnetcore.components.webassembly.runtime\3.2.0-preview2.20159.2\build\netstandard1.0\..\..\tools\dotnetwasm\bcl\System.Core.dll
C:\Users\thoma\.nuget\packages\microsoft.aspnetcore.components.webassembly.runtime\3.2.0-preview2.20159.2\build\netstandard1.0\..\..\tools\dotnetwasm\bcl\System.dll
C:\Users\thoma\.nuget\packages\microsoft.aspnetcore.components.webassembly.runtime\3.2.0-preview2.20159.2\build\netstandard1.0\..\..\tools\dotnetwasm\framework\WebAssembly.Net.WebSockets.dll
C:\Users\thoma\.nuget\packages\microsoft.aspnetcore.components.webassembly.runtime\3.2.0-preview2.20159.2\build\netstandard1.0\..\..\tools\dotnetwasm\bcl\Facades\System.Memory.dll
C:\Users\thoma\.nuget\packages\microsoft.aspnetcore.components.webassembly.runtime\3.2.0-preview2.20159.2\build\netstandard1.0\..\..\tools\dotnetwasm\framework\WebAssembly.Bindings.dll
C:\Users\thoma\.nuget\packages\microsoft.aspnetcore.components.webassembly.runtime\3.2.0-preview2.20159.2\build\netstandard1.0\..\..\tools\dotnetwasm\bcl\System.Numerics.dll
C:\Users\thoma\.nuget\packages\microsoft.aspnetcore.components.webassembly.runtime\3.2.0-preview2.20159.2\build\netstandard1.0\..\..\tools\dotnetwasm\bcl\System.Xml.dll
C:\Users\thoma\.nuget\packages\microsoft.aspnetcore.components.webassembly.runtime\3.2.0-preview2.20159.2\build\netstandard1.0\..\..\tools\dotnetwasm\bcl\Mono.Security.dll
C:\Users\thoma\.nuget\packages\microsoft.aspnetcore.components.webassembly.runtime\3.2.0-preview2.20159.2\build\netstandard1.0\..\..\tools\dotnetwasm\bcl\System.Transactions.dll
C:\Users\thoma\.nuget\packages\microsoft.aspnetcore.components.webassembly.runtime\3.2.0-preview2.20159.2\build\netstandard1.0\..\..\tools\dotnetwasm\bcl\System.Runtime.Serialization.dll
C:\Users\thoma\.nuget\packages\microsoft.aspnetcore.components.webassembly.runtime\3.2.0-preview2.20159.2\build\netstandard1.0\..\..\tools\dotnetwasm\bcl\System.ServiceModel.Internals.dll
C:\Users\thoma\.nuget\packages\microsoft.aspnetcore.components.webassembly.runtime\3.2.0-preview2.20159.2\build\netstandard1.0\..\..\tools\dotnetwasm\bcl\System.Net.Http.dll
C:\Users\thoma\.nuget\packages\microsoft.aspnetcore.components.webassembly.runtime\3.2.0-preview2.20159.2\build\netstandard1.0\..\..\tools\dotnetwasm\framework\WebAssembly.Net.Http.dll
C:\Users\thoma\.nuget\packages\microsoft.aspnetcore.components.webassembly.runtime\3.2.0-preview2.20159.2\build\netstandard1.0\..\..\tools\dotnetwasm\bcl\System.ComponentModel.Composition.dll
C:\Users\thoma\.nuget\packages\microsoft.aspnetcore.components.webassembly.runtime\3.2.0-preview2.20159.2\build\netstandard1.0\..\..\tools\dotnetwasm\bcl\System.IO.Compression.FileSystem.dll
C:\Users\thoma\.nuget\packages\microsoft.aspnetcore.components.webassembly.runtime\3.2.0-preview2.20159.2\build\netstandard1.0\..\..\tools\dotnetwasm\bcl\System.IO.Compression.dll
C:\Users\thoma\.nuget\packages\microsoft.aspnetcore.components.webassembly.runtime\3.2.0-preview2.20159.2\build\netstandard1.0\..\..\tools\dotnetwasm\bcl\Facades\System.Drawing.Common.dll
C:\Users\thoma\.nuget\packages\microsoft.aspnetcore.components.webassembly.runtime\3.2.0-preview2.20159.2\build\netstandard1.0\..\..\tools\dotnetwasm\bcl\System.Data.DataSetExtensions.dll
C:\Users\thoma\.nuget\packages\microsoft.aspnetcore.components.webassembly.runtime\3.2.0-preview2.20159.2\build\netstandard1.0\..\..\tools\dotnetwasm\bcl\System.Data.dll
C:\Users\thoma\.nuget\packages\microsoft.aspnetcore.components.webassembly.runtime\3.2.0-preview2.20159.2\build\netstandard1.0\..\..\tools\dotnetwasm\bcl\Facades\System.Threading.Tasks.Extensions.dll
C:\Users\thoma\.nuget\packages\microsoft.aspnetcore.components.webassembly.runtime\3.2.0-preview2.20159.2\build\netstandard1.0\..\..\tools\dotnetwasm\bcl\System.Numerics.Vectors.dll
C:\Users\thoma\.nuget\packages\system.text.encodings.web\4.7.0\lib\netstandard2.1\System.Text.Encodings.Web.dll
C:\Users\thoma\.nuget\packages\microsoft.extensions.dependencyinjection.abstractions\3.1.2\lib\netstandard2.0\Microsoft.Extensions.DependencyInjection.Abstractions.dll
C:\Users\thoma\.nuget\packages\microsoft.aspnetcore.components.web\3.1.2\lib\netstandard2.0\Microsoft.AspNetCore.Components.Web.dll
C:\Users\thoma\.nuget\packages\microsoft.aspnetcore.components.forms\3.1.2\lib\netstandard2.0\Microsoft.AspNetCore.Components.Forms.dll
C:\Users\thoma\.nuget\packages\microsoft.aspnetcore.components.webassembly.runtime\3.2.0-preview2.20159.2\build\netstandard1.0\..\..\tools\dotnetwasm\bcl\Facades\System.ComponentModel.Annotations.dll
C:\Users\thoma\.nuget\packages\microsoft.aspnetcore.components.webassembly.runtime\3.2.0-preview2.20159.2\build\netstandard1.0\..\..\tools\dotnetwasm\bcl\System.ComponentModel.DataAnnotations.dll
C:\Users\thoma\.nuget\packages\microsoft.aspnetcore.components\3.1.2\lib\netstandard2.0\Microsoft.AspNetCore.Components.dll
C:\Users\thoma\.nuget\packages\microsoft.extensions.logging.abstractions\3.1.2\lib\netstandard2.0\Microsoft.Extensions.Logging.Abstractions.dll
C:\Users\thoma\.nuget\packages\microsoft.aspnetcore.components.webassembly\3.2.0-preview2.20160.5\lib\netstandard2.1\Microsoft.AspNetCore.Components.WebAssembly.dll
C:\Users\thoma\.nuget\packages\microsoft.extensions.dependencyinjection\3.1.2\lib\netstandard2.1\Microsoft.Extensions.DependencyInjection.dll
C:\Users\thoma\.nuget\packages\microsoft.extensions.configuration\3.1.2\lib\netstandard2.0\Microsoft.Extensions.Configuration.dll
C:\Users\thoma\.nuget\packages\microsoft.extensions.primitives\3.1.2\lib\netstandard2.0\Microsoft.Extensions.Primitives.dll
C:\Users\thoma\.nuget\packages\microsoft.extensions.configuration.abstractions\3.1.2\lib\netstandard2.0\Microsoft.Extensions.Configuration.Abstractions.dll
C:\Users\thoma\.nuget\packages\microsoft.jsinterop\3.1.2\lib\netstandard2.0\Microsoft.JSInterop.dll
C:\Users\thoma\.nuget\packages\microsoft.jsinterop.webassembly\3.2.0-preview2.20160.5\lib\netstandard2.1\Microsoft.JSInterop.WebAssembly.dll
D:\xampp\htdocs\cesi\dotnet-csharp-xamarin\web-assembly\PizzeriaWebApplication\BlazingPizza.Shared\bin\Debug\netstandard2.1\BlazingPizza.Shared.dll
D:\xampp\htdocs\cesi\dotnet-csharp-xamarin\web-assembly\PizzeriaWebApplication\BlazingPizza.ComponentsLibrary\bin\Debug\netstandard2.1\BlazingPizza.ComponentsLibrary.dll
obj\Debug\netstandard2.1\BlazingPizza.Client.pdb
D:\xampp\htdocs\cesi\dotnet-csharp-xamarin\web-assembly\PizzeriaWebApplication\BlazingPizza.Shared\bin\Debug\netstandard2.1\BlazingPizza.Shared.pdb
D:\xampp\htdocs\cesi\dotnet-csharp-xamarin\web-assembly\PizzeriaWebApplication\BlazingPizza.ComponentsLibrary\bin\Debug\netstandard2.1\BlazingPizza.ComponentsLibrary.pdb
